I0001: ANSYS(R) SCADE Suite(R) - UA Adaptor Code Generator - Version 2021 R1 (build 20201118T194807) started at 2021-03-18T11:28:51.
I0008: (C) 2020 ANSYS, Inc. Unauthorized use, distribution, or duplication is prohibited.
I0005: Command line: "C:\Program Files\ANSYS Inc\v211\SCADE\SCADE\bin\uaadaptor.exe" -sdy ..\Calculator\Calculator.sdy -n a661_description\a661.xml -outdir src\uaadaptor -k ..\Calculator\KCG\kcg_trace.xml -o Operator1_UAA -i Operator1.h -encoding ASCII ..\Calculator_A661\CalculatorPanel.sgfx
I0006: Generated file: <log> : src\uaadaptor\Operator1_UAA.log
I0007: Input file: a661_description\a661.xml
I0007: Input file: a661_description\const.xml
I0007: Input file: a661_description\type.xml
I0007: Input file: a661_description\a661hierarchy.xml
I0007: Input file: a661_description\SymbolCommands\a661symbolHierarchy.xml
I0007: Input file: a661_description\WidgetExtensions\a661extensionHierarchy.xml
I0007: Input file: a661_description\a661layer.xml
I0007: Input file: a661_description\BasicContainer.xml
I0007: Input file: a661_description\BlinkingContainer.xml
I0007: Input file: a661_description\RotationContainer.xml
I0007: Input file: a661_description\TranslationContainer.xml
I0007: Input file: a661_description\MaskContainer.xml
I0007: Input file: a661_description\MutuallyExclusiveContainer.xml
I0007: Input file: a661_description\PagingContainer.xml
I0007: Input file: a661_description\Panel.xml
I0007: Input file: a661_description\PopUpPanel.xml
I0007: Input file: a661_description\PopUpPanelButton.xml
I0007: Input file: a661_description\ScrollPanel.xml
I0007: Input file: a661_description\RadioBox.xml
I0007: Input file: a661_description\TabbedPanelGroup.xml
I0007: Input file: a661_description\TabbedPanel.xml
I0007: Input file: a661_description\MenuBar.xml
I0007: Input file: a661_description\SizeToFitContainer.xml
I0007: Input file: a661_description\ShuffleToFitContainer.xml
I0007: Input file: a661_description\WatchdogContainer.xml
I0007: Input file: a661_description\ActiveArea.xml
I0007: Input file: a661_description\CheckButton.xml
I0007: Input file: a661_description\ComboBox.xml
I0007: Input file: a661_description\ComboBoxEdit.xml
I0007: Input file: a661_description\CursorOver.xml
I0007: Input file: a661_description\CursorPosOverlay.xml
I0007: Input file: a661_description\EditBoxText.xml
I0007: Input file: a661_description\EditBoxNumeric.xml
I0007: Input file: a661_description\EditBoxNumericBCD.xml
I0007: Input file: a661_description\EditBoxMasked.xml
I0007: Input file: a661_description\EditBoxMultiLine.xml
I0007: Input file: a661_description\GestureArea.xml
I0007: Input file: a661_description\InkArea.xml
I0007: Input file: a661_description\KeyboardArea.xml
I0007: Input file: a661_description\MultiStateButton.xml
I0007: Input file: a661_description\PicturePushButton.xml
I0007: Input file: a661_description\PictureToggleButton.xml
I0007: Input file: a661_description\PopUpMenu.xml
I0007: Input file: a661_description\PopUpMenuButton.xml
I0007: Input file: a661_description\PushButton.xml
I0007: Input file: a661_description\ScrollList.xml
I0007: Input file: a661_description\ScrollWheelArea.xml
I0007: Input file: a661_description\SelectionListButton.xml
I0007: Input file: a661_description\Slider.xml
I0007: Input file: a661_description\SymbolPushButton.xml
I0007: Input file: a661_description\SymbolToggleButton.xml
I0007: Input file: a661_description\ToggleButton.xml
I0007: Input file: a661_description\TouchArea.xml
I0007: Input file: a661_description\GpArcCircle.xml
I0007: Input file: a661_description\GpArcEllipse.xml
I0007: Input file: a661_description\GpCrown.xml
I0007: Input file: a661_description\GpPolyline.xml
I0007: Input file: a661_description\GpLine.xml
I0007: Input file: a661_description\GpLinePolar.xml
I0007: Input file: a661_description\GpRectangle.xml
I0007: Input file: a661_description\GpTriangle.xml
I0007: Input file: a661_description\Label.xml
I0007: Input file: a661_description\LabelComplex.xml
I0007: Input file: a661_description\Picture.xml
I0007: Input file: a661_description\PictureAnimated.xml
I0007: Input file: a661_description\Symbol.xml
I0007: Input file: a661_description\SymbolAnimated.xml
I0007: Input file: a661_description\NumericReadout.xml
I0007: Input file: a661_description\MapHorz.xml
I0007: Input file: a661_description\MapHorz_Source.xml
I0007: Input file: a661_description\MapHorz_ItemList.xml
I0007: Input file: <UAADAPTOR msg> : a661_description\uaadaptor/MapHorz_ItemList_BufferOfMapItems.xml
I0007: Input file: <UAADAPTOR msg> : a661_description\uaadaptor/MapHorz_ItemList_BlockedBufferOfMapItems.xml
I0007: Input file: a661_description\MapVert.xml
I0007: Input file: a661_description\MapVert_ItemList.xml
I0007: Input file: <UAADAPTOR msg> : a661_description\uaadaptor/MapVert_ItemList_BufferOfItems.xml
I0007: Input file: <UAADAPTOR msg> : a661_description\uaadaptor/MapVert_ItemList_BlockedBufferOfItems.xml
I0007: Input file: a661_description\MapVert_Source.xml
I0007: Input file: a661_description\MapGrid.xml
I0007: Input file: <UAADAPTOR msg> : a661_description\uaadaptor/MapGrid_bufferOfFillStyles.xml
I0007: Input file: a661_description\MapHorz_Container.xml
I0007: Input file: a661_description\MapHorz_Panel.xml
I0007: Input file: a661_description\MapVert_Container.xml
I0007: Input file: a661_description\MapVert_Panel.xml
I0007: Input file: a661_description\MapHorz_VertexBuffer.xml
I0007: Input file: a661_description\AnimationGroup.xml
I0007: Input file: a661_description\AnimationOnParam.xml
I0007: Input file: a661_description\AnimationRotation.xml
I0007: Input file: a661_description\AnimationScale.xml
I0007: Input file: a661_description\AnimationTranslation.xml
I0007: Input file: a661_description\BroadcastReceiver.xml
I0007: Input file: a661_description\BufferFormat.xml
I0007: Input file: a661_description\Connector.xml
I0007: Input file: a661_description\CursorRef.xml
I0007: Input file: a661_description\DataConnector.xml
I0007: Input file: a661_description\DataScalingLong.xml
I0007: Input file: a661_description\DataScalingULong.xml
I0007: Input file: a661_description\DataScalingFR180.xml
I0007: Input file: a661_description\EventHandler.xml
I0007: Input file: a661_description\ExternalSource.xml
I0007: Input file: a661_description\FocusIn.xml
I0007: Input file: a661_description\FocusOut.xml
I0007: Input file: a661_description\FocusLink.xml
I0007: Input file: a661_description\NoServiceMonitor.xml
I0007: Input file: a661_description\ProxyButton.xml
I0007: Input file: a661_description\SymbolCommands\Standard.xml
I0007: Input file: a661_description\SymbolCommands\Focus.xml
I0007: Input file: a661_description\SymbolCommands\Highlight.xml
I0007: Input file: a661_description\SymbolCommands\RectangularSensitiveArea.xml
I0007: Input file: a661_description\SymbolCommands\CircularSensitiveArea.xml
I0007: Input file: a661_description\SymbolCommands\SetColor.xml
I0007: Input file: a661_description\SymbolCommands\SetLineStyle.xml
I0007: Input file: a661_description\SymbolCommands\SetFont.xml
I0007: Input file: a661_description\SymbolCommands\SetHalo.xml
I0007: Input file: a661_description\SymbolCommands\SetRotation.xml
I0007: Input file: a661_description\SymbolCommands\SetTranslation.xml
I0007: Input file: a661_description\SymbolCommands\StartGroup.xml
I0007: Input file: a661_description\SymbolCommands\EndGroup.xml
I0007: Input file: a661_description\SymbolCommands\LegendAnchor.xml
I0007: Input file: a661_description\SymbolCommands\ArcEllipse.xml
I0007: Input file: a661_description\SymbolCommands\ArcCircle.xml
I0007: Input file: a661_description\SymbolCommands\Crown.xml
I0007: Input file: a661_description\SymbolCommands\Line.xml
I0007: Input file: a661_description\SymbolCommands\LinePolar.xml
I0007: Input file: a661_description\SymbolCommands\Polyline.xml
I0007: Input file: a661_description\SymbolCommands\Rectangle.xml
I0007: Input file: a661_description\SymbolCommands\Triangle.xml
I0007: Input file: a661_description\SymbolCommands\TriangleFan.xml
I0007: Input file: a661_description\SymbolCommands\TriangleStrip.xml
I0007: Input file: a661_description\SymbolCommands\Text.xml
I0007: Input file: a661_description\SymbolCommands\BoundingRectangle.xml
I0007: Input file: a661_description\SymbolCommands\BoundingCircle.xml
I0007: Input file: a661_description\WidgetExtensions\DirectionalTabbingExtension.xml
I0007: Input file: a661_description\WidgetExtensions\CursorEntryEventsExtension.xml
I0007: Input file: a661_description\WidgetExtensions\CursorEventsExtension.xml
I0007: Input file: a661_description\WidgetExtensions\LegendStringAlignmentExtension.xml
I0007: Input file: a661_description\WidgetExtensions\VisibleChildIndexExtension.xml
I0007: Input file: a661_description\WidgetExtensions\InitialFocusExtension.xml
I0007: Input file: a661_description\WidgetExtensions\FocusStopExtension.xml
I0007: Input file: a661_description\WidgetExtensions\CursorShapeExtension.xml
I0007: Input file: a661_description\WidgetExtensions\PictureExtension.xml
I0007: Input file: a661_description\WidgetExtensions\SymbolExtension.xml
I0007: Input file: a661_description\WidgetExtensions\TicsArrayExtension.xml
I0007: Input file: a661_description\WidgetExtensions\MultiSelectionExtension.xml
I0007: Input file: a661_description\WidgetExtensions\WordWrapExtension.xml
I0007: Input file: <mapping> : ..\Calculator\Calculator.sdy
I0007: Input file: ..\Calculator_A661\CalculatorPanel.sgfx
I0007: Input file: <scade: kcg_trace.xml> : ..\Calculator\KCG\kcg_trace.xml
I0007: Input file: UA Node Name Calc_A661_Root
I0007: Input file: Operator Name Calc_A661_Root
I0007: Input file: UA Node Name Calc_A661_Root
I0007: Input file: Operator Name Calc_A661_Root
I0006: Generated file: <.c> : src\uaadaptor\Operator1_UAA_private.c
I0006: Generated file: <.c> : src\uaadaptor\Operator1_UAA.c
I0006: Generated file: <.c> : src\uaadaptor\Operator1_UAA_LAY_1.c
I0006: Generated file: <.h> : src\uaadaptor\Operator1_UAA_constants.h
I0006: Generated file: <.h> : src\uaadaptor\Operator1_UAA_private.h
I0006: Generated file: <.h> : src\uaadaptor\Operator1_UAA.h
I0808: [SUCCESSFUL]
I0006: Generated file: src\uaadaptor\Operator1_UAA.log
I0002: ANSYS(R) SCADE Suite(R) - UA Adaptor Code Generator finished with 0 error(s) at 2021-03-18T11:28:55.
